<?xml version="1.0" encoding="UTF-8"?>
<testsuite name="com.linecorp.bot.model.message.MessageJsonReconstructionTest" tests="9" skipped="0" failures="0" errors="0" timestamp="2017-09-22T03:49:02" hostname="qianziandeMacBook-Pro.local" time="0.069">
  <properties/>
  <testcase name="videoMessageTest" classname="com.linecorp.bot.model.message.MessageJsonReconstructionTest" time="0.006"/>
  <testcase name="imagemapMessageTest" classname="com.linecorp.bot.model.message.MessageJsonReconstructionTest" time="0.007"/>
  <testcase name="locationMessageTest" classname="com.linecorp.bot.model.message.MessageJsonReconstructionTest" time="0.006"/>
  <testcase name="templateMessageWithConfirmTemplateTest" classname="com.linecorp.bot.model.message.MessageJsonReconstructionTest" time="0.017"/>
  <testcase name="audioMessageTest" classname="com.linecorp.bot.model.message.MessageJsonReconstructionTest" time="0.004"/>
  <testcase name="templateMessageWithCarouselTemplateTest" classname="com.linecorp.bot.model.message.MessageJsonReconstructionTest" time="0.011"/>
  <testcase name="stickerMessageTest" classname="com.linecorp.bot.model.message.MessageJsonReconstructionTest" time="0.003"/>
  <testcase name="textMessageTest" classname="com.linecorp.bot.model.message.MessageJsonReconstructionTest" time="0.003"/>
  <testcase name="templateMessageWithButtonsTemplateTest" classname="com.linecorp.bot.model.message.MessageJsonReconstructionTest" time="0.009"/>
  <system-out><![CDATA[11:49:02.231 [Test worker] INFO com.linecorp.bot.model.message.MessageJsonReconstructionTest - Original:      VideoMessage(originalContentUrl=https://example.com/original, previewImageUrl=https://example.com/preview)
11:49:02.233 [Test worker] INFO com.linecorp.bot.model.message.MessageJsonReconstructionTest - AS JSON:       {"type":"video","originalContentUrl":"https://example.com/original","previewImageUrl":"https://example.com/preview"}
11:49:02.235 [Test worker] INFO com.linecorp.bot.model.message.MessageJsonReconstructionTest - Reconstructed: VideoMessage(originalContentUrl=https://example.com/original, previewImageUrl=https://example.com/preview)
11:49:02.236 [Test worker] INFO com.linecorp.bot.model.message.MessageJsonReconstructionTest - Original:      ImagemapMessage(baseUrl=baseUrl, altText=altText, baseSize=ImagemapBaseSize(height=1040, width=1040), actions=[])
11:49:02.238 [Test worker] INFO com.linecorp.bot.model.message.MessageJsonReconstructionTest - AS JSON:       {"type":"imagemap","baseUrl":"baseUrl","altText":"altText","baseSize":{"height":1040,"width":1040},"actions":[]}
11:49:02.241 [Test worker] INFO com.linecorp.bot.model.message.MessageJsonReconstructionTest - Reconstructed: ImagemapMessage(baseUrl=baseUrl, altText=altText, baseSize=ImagemapBaseSize(height=1040, width=1040), actions=[])
11:49:02.243 [Test worker] INFO com.linecorp.bot.model.message.MessageJsonReconstructionTest - Original:      LocationMessage(title=title, address=address, latitude=135.0, longitude=0.0)
11:49:02.245 [Test worker] INFO com.linecorp.bot.model.message.MessageJsonReconstructionTest - AS JSON:       {"type":"location","title":"title","address":"address","latitude":135.0,"longitude":0.0}
11:49:02.249 [Test worker] INFO com.linecorp.bot.model.message.MessageJsonReconstructionTest - Reconstructed: LocationMessage(title=title, address=address, latitude=135.0, longitude=0.0)
11:49:02.251 [Test worker] INFO com.linecorp.bot.model.message.MessageJsonReconstructionTest - Original:      TemplateMessage(altText=ALT, template=ConfirmTemplate(text=text, actions=[URIAction(label=label, uri=http://example.com), MessageAction(label=label, text=text)]))
11:49:02.261 [Test worker] INFO com.linecorp.bot.model.message.MessageJsonReconstructionTest - AS JSON:       {"type":"template","altText":"ALT","template":{"type":"confirm","text":"text","actions":[{"type":"uri","label":"label","uri":"http://example.com"},{"type":"message","label":"label","text":"text"}]}}
11:49:02.266 [Test worker] INFO com.linecorp.bot.model.message.MessageJsonReconstructionTest - Reconstructed: TemplateMessage(altText=ALT, template=ConfirmTemplate(text=text, actions=[URIAction(label=label, uri=http://example.com), MessageAction(label=label, text=text)]))
11:49:02.267 [Test worker] INFO com.linecorp.bot.model.message.MessageJsonReconstructionTest - Original:      AudioMessage(originalContentUrl=originalUrl, duration=20)
11:49:02.269 [Test worker] INFO com.linecorp.bot.model.message.MessageJsonReconstructionTest - AS JSON:       {"type":"audio","originalContentUrl":"originalUrl","duration":20}
11:49:02.270 [Test worker] INFO com.linecorp.bot.model.message.MessageJsonReconstructionTest - Reconstructed: AudioMessage(originalContentUrl=originalUrl, duration=20)
11:49:02.271 [Test worker] INFO com.linecorp.bot.model.message.MessageJsonReconstructionTest - Original:      TemplateMessage(altText=ALT, template=CarouselTemplate(columns=[CarouselColumn(thumbnailImageUrl=thumbnail, title=title, text=text, actions=[PostbackAction(label=postback, data=data, text=null)])]))
11:49:02.276 [Test worker] INFO com.linecorp.bot.model.message.MessageJsonReconstructionTest - AS JSON:       {"type":"template","altText":"ALT","template":{"type":"carousel","columns":[{"thumbnailImageUrl":"thumbnail","title":"title","text":"text","actions":[{"type":"postback","label":"postback","data":"data"}]}]}}
11:49:02.281 [Test worker] INFO com.linecorp.bot.model.message.MessageJsonReconstructionTest - Reconstructed: TemplateMessage(altText=ALT, template=CarouselTemplate(columns=[CarouselColumn(thumbnailImageUrl=thumbnail, title=title, text=text, actions=[PostbackAction(label=postback, data=data, text=null)])]))
11:49:02.283 [Test worker] INFO com.linecorp.bot.model.message.MessageJsonReconstructionTest - Original:      StickerMessage(packageId=123, stickerId=456)
11:49:02.284 [Test worker] INFO com.linecorp.bot.model.message.MessageJsonReconstructionTest - AS JSON:       {"type":"sticker","packageId":"123","stickerId":"456"}
11:49:02.286 [Test worker] INFO com.linecorp.bot.model.message.MessageJsonReconstructionTest - Reconstructed: StickerMessage(packageId=123, stickerId=456)
11:49:02.287 [Test worker] INFO com.linecorp.bot.model.message.MessageJsonReconstructionTest - Original:      TextMessage(text=TEST)
11:49:02.287 [Test worker] INFO com.linecorp.bot.model.message.MessageJsonReconstructionTest - AS JSON:       {"type":"text","text":"TEST"}
11:49:02.288 [Test worker] INFO com.linecorp.bot.model.message.MessageJsonReconstructionTest - Reconstructed: TextMessage(text=TEST)
11:49:02.290 [Test worker] INFO com.linecorp.bot.model.message.MessageJsonReconstructionTest - Original:      TemplateMessage(altText=ALT, template=ButtonsTemplate(thumbnailImageUrl=https://example.com, title=title, text=text, actions=[MessageAction(label=label, text=text)]))
11:49:02.293 [Test worker] INFO com.linecorp.bot.model.message.MessageJsonReconstructionTest - AS JSON:       {"type":"template","altText":"ALT","template":{"type":"buttons","thumbnailImageUrl":"https://example.com","title":"title","text":"text","actions":[{"type":"message","label":"label","text":"text"}]}}
11:49:02.298 [Test worker] INFO com.linecorp.bot.model.message.MessageJsonReconstructionTest - Reconstructed: TemplateMessage(altText=ALT, template=ButtonsTemplate(thumbnailImageUrl=https://example.com, title=title, text=text, actions=[MessageAction(label=label, text=text)]))
]]></system-out>
  <system-err><![CDATA[]]></system-err>
</testsuite>
