<?xml version="1.0" encoding="UTF-8"?>
<testsuite name="com.linecorp.bot.model.event.ReplyEventTest" tests="1" skipped="0" failures="0" errors="0" timestamp="2017-09-22T03:49:02" hostname="qianziandeMacBook-Pro.local" time="0.15">
  <properties/>
  <testcase name="eventWithReplyTokenShouldBeImplementReplySupportTest" classname="com.linecorp.bot.model.event.ReplyEventTest" time="0.15"/>
  <system-out><![CDATA[11:49:02.064 [Test worker] DEBUG org.springframework.core.env.StandardEnvironment - Adding [systemProperties] PropertySource with lowest search precedence
11:49:02.068 [Test worker] DEBUG org.springframework.core.env.StandardEnvironment - Adding [systemEnvironment] PropertySource with lowest search precedence
11:49:02.069 [Test worker] DEBUG org.springframework.core.env.StandardEnvironment - Initialized StandardEnvironment with PropertySources [systemProperties,systemEnvironment]
11:49:02.082 [Test worker] DEBUG org.springframework.core.io.support.PathMatchingResourcePatternResolver - Resolved classpath location [com/linecorp/bot/model/event/] to resources [URL [file:/Users/qwmqza/Desktop/comp31112/Line-chatbot-for-COMP3111/line-bot-model/build/classes/test/com/linecorp/bot/model/event/], URL [file:/Users/qwmqza/Desktop/comp31112/Line-chatbot-for-COMP3111/line-bot-model/build/classes/main/com/linecorp/bot/model/event/]]
11:49:02.083 [Test worker] DEBUG org.springframework.core.io.support.PathMatchingResourcePatternResolver - Looking for matching resources in directory tree [/Users/qwmqza/Desktop/comp31112/Line-chatbot-for-COMP3111/line-bot-model/build/classes/test/com/linecorp/bot/model/event]
11:49:02.083 [Test worker] DEBUG org.springframework.core.io.support.PathMatchingResourcePatternResolver - Searching directory [/Users/qwmqza/Desktop/comp31112/Line-chatbot-for-COMP3111/line-bot-model/build/classes/test/com/linecorp/bot/model/event] for files matching pattern [/Users/qwmqza/Desktop/comp31112/Line-chatbot-for-COMP3111/line-bot-model/build/classes/test/com/linecorp/bot/model/event/**/*.class]
11:49:02.086 [Test worker] DEBUG org.springframework.core.io.support.PathMatchingResourcePatternResolver - Searching directory [/Users/qwmqza/Desktop/comp31112/Line-chatbot-for-COMP3111/line-bot-model/build/classes/test/com/linecorp/bot/model/event/beacon] for files matching pattern [/Users/qwmqza/Desktop/comp31112/Line-chatbot-for-COMP3111/line-bot-model/build/classes/test/com/linecorp/bot/model/event/**/*.class]
11:49:02.089 [Test worker] DEBUG org.springframework.core.io.support.PathMatchingResourcePatternResolver - Looking for matching resources in directory tree [/Users/qwmqza/Desktop/comp31112/Line-chatbot-for-COMP3111/line-bot-model/build/classes/main/com/linecorp/bot/model/event]
11:49:02.089 [Test worker] DEBUG org.springframework.core.io.support.PathMatchingResourcePatternResolver - Searching directory [/Users/qwmqza/Desktop/comp31112/Line-chatbot-for-COMP3111/line-bot-model/build/classes/main/com/linecorp/bot/model/event] for files matching pattern [/Users/qwmqza/Desktop/comp31112/Line-chatbot-for-COMP3111/line-bot-model/build/classes/main/com/linecorp/bot/model/event/**/*.class]
11:49:02.091 [Test worker] DEBUG org.springframework.core.io.support.PathMatchingResourcePatternResolver - Searching directory [/Users/qwmqza/Desktop/comp31112/Line-chatbot-for-COMP3111/line-bot-model/build/classes/main/com/linecorp/bot/model/event/beacon] for files matching pattern [/Users/qwmqza/Desktop/comp31112/Line-chatbot-for-COMP3111/line-bot-model/build/classes/main/com/linecorp/bot/model/event/**/*.class]
11:49:02.092 [Test worker] DEBUG org.springframework.core.io.support.PathMatchingResourcePatternResolver - Searching directory [/Users/qwmqza/Desktop/comp31112/Line-chatbot-for-COMP3111/line-bot-model/build/classes/main/com/linecorp/bot/model/event/message] for files matching pattern [/Users/qwmqza/Desktop/comp31112/Line-chatbot-for-COMP3111/line-bot-model/build/classes/main/com/linecorp/bot/model/event/**/*.class]
11:49:02.094 [Test worker] DEBUG org.springframework.core.io.support.PathMatchingResourcePatternResolver - Searching directory [/Users/qwmqza/Desktop/comp31112/Line-chatbot-for-COMP3111/line-bot-model/build/classes/main/com/linecorp/bot/model/event/postback] for files matching pattern [/Users/qwmqza/Desktop/comp31112/Line-chatbot-for-COMP3111/line-bot-model/build/classes/main/com/linecorp/bot/model/event/**/*.class]
11:49:02.095 [Test worker] DEBUG org.springframework.core.io.support.PathMatchingResourcePatternResolver - Searching directory [/Users/qwmqza/Desktop/comp31112/Line-chatbot-for-COMP3111/line-bot-model/build/classes/main/com/linecorp/bot/model/event/source] for files matching pattern [/Users/qwmqza/Desktop/comp31112/Line-chatbot-for-COMP3111/line-bot-model/build/classes/main/com/linecorp/bot/model/event/**/*.class]
11:49:02.097 [Test worker] DEBUG org.springframework.core.io.support.PathMatchingResourcePatternResolver - Resolved location pattern [classpath*:com/linecorp/bot/model/event/**/*.class] to resources [file [/Users/qwmqza/Desktop/comp31112/Line-chatbot-for-COMP3111/line-bot-model/build/classes/test/com/linecorp/bot/model/event/CallbackRequestTest$RequestTester.class], file [/Users/qwmqza/Desktop/comp31112/Line-chatbot-for-COMP3111/line-bot-model/build/classes/test/com/linecorp/bot/model/event/CallbackRequestTest.class], file [/Users/qwmqza/Desktop/comp31112/Line-chatbot-for-COMP3111/line-bot-model/build/classes/test/com/linecorp/bot/model/event/MessageEventTest.class], file [/Users/qwmqza/Desktop/comp31112/Line-chatbot-for-COMP3111/line-bot-model/build/classes/test/com/linecorp/bot/model/event/ReplyEventTest.class], file [/Users/qwmqza/Desktop/comp31112/Line-chatbot-for-COMP3111/line-bot-model/build/classes/test/com/linecorp/bot/model/event/beacon/BeaconContentTest.class], file [/Users/qwmqza/Desktop/comp31112/Line-chatbot-for-COMP3111/line-bot-model/build/classes/test/com/linecorp/bot/model/event/beacon/BeaconContentUtilTest.class], file [/Users/qwmqza/Desktop/comp31112/Line-chatbot-for-COMP3111/line-bot-model/build/classes/main/com/linecorp/bot/model/event/BeaconEvent.class], file [/Users/qwmqza/Desktop/comp31112/Line-chatbot-for-COMP3111/line-bot-model/build/classes/main/com/linecorp/bot/model/event/CallbackRequest.class], file [/Users/qwmqza/Desktop/comp31112/Line-chatbot-for-COMP3111/line-bot-model/build/classes/main/com/linecorp/bot/model/event/Event.class], file [/Users/qwmqza/Desktop/comp31112/Line-chatbot-for-COMP3111/line-bot-model/build/classes/main/com/linecorp/bot/model/event/FollowEvent.class], file [/Users/qwmqza/Desktop/comp31112/Line-chatbot-for-COMP3111/line-bot-model/build/classes/main/com/linecorp/bot/model/event/JoinEvent.class], file [/Users/qwmqza/Desktop/comp31112/Line-chatbot-for-COMP3111/line-bot-model/build/classes/main/com/linecorp/bot/model/event/LeaveEvent.class], file [/Users/qwmqza/Desktop/comp31112/Line-chatbot-for-COMP3111/line-bot-model/build/classes/main/com/linecorp/bot/model/event/MessageEvent.class], file [/Users/qwmqza/Desktop/comp31112/Line-chatbot-for-COMP3111/line-bot-model/build/classes/main/com/linecorp/bot/model/event/PostbackEvent.class], file [/Users/qwmqza/Desktop/comp31112/Line-chatbot-for-COMP3111/line-bot-model/build/classes/main/com/linecorp/bot/model/event/ReplyEvent.class], file [/Users/qwmqza/Desktop/comp31112/Line-chatbot-for-COMP3111/line-bot-model/build/classes/main/com/linecorp/bot/model/event/UnfollowEvent.class], file [/Users/qwmqza/Desktop/comp31112/Line-chatbot-for-COMP3111/line-bot-model/build/classes/main/com/linecorp/bot/model/event/UnknownEvent.class], file [/Users/qwmqza/Desktop/comp31112/Line-chatbot-for-COMP3111/line-bot-model/build/classes/main/com/linecorp/bot/model/event/beacon/BeaconContent.class], file [/Users/qwmqza/Desktop/comp31112/Line-chatbot-for-COMP3111/line-bot-model/build/classes/main/com/linecorp/bot/model/event/beacon/BeaconContentUtil.class], file [/Users/qwmqza/Desktop/comp31112/Line-chatbot-for-COMP3111/line-bot-model/build/classes/main/com/linecorp/bot/model/event/message/AudioMessageContent.class], file [/Users/qwmqza/Desktop/comp31112/Line-chatbot-for-COMP3111/line-bot-model/build/classes/main/com/linecorp/bot/model/event/message/FileMessageContent.class], file [/Users/qwmqza/Desktop/comp31112/Line-chatbot-for-COMP3111/line-bot-model/build/classes/main/com/linecorp/bot/model/event/message/ImageMessageContent.class], file [/Users/qwmqza/Desktop/comp31112/Line-chatbot-for-COMP3111/line-bot-model/build/classes/main/com/linecorp/bot/model/event/message/LocationMessageContent.class], file [/Users/qwmqza/Desktop/comp31112/Line-chatbot-for-COMP3111/line-bot-model/build/classes/main/com/linecorp/bot/model/event/message/MessageContent.class], file [/Users/qwmqza/Desktop/comp31112/Line-chatbot-for-COMP3111/line-bot-model/build/classes/main/com/linecorp/bot/model/event/message/StickerMessageContent.class], file [/Users/qwmqza/Desktop/comp31112/Line-chatbot-for-COMP3111/line-bot-model/build/classes/main/com/linecorp/bot/model/event/message/TextMessageContent.class], file [/Users/qwmqza/Desktop/comp31112/Line-chatbot-for-COMP3111/line-bot-model/build/classes/main/com/linecorp/bot/model/event/message/UnknownMessageContent.class], file [/Users/qwmqza/Desktop/comp31112/Line-chatbot-for-COMP3111/line-bot-model/build/classes/main/com/linecorp/bot/model/event/message/VideoMessageContent.class], file [/Users/qwmqza/Desktop/comp31112/Line-chatbot-for-COMP3111/line-bot-model/build/classes/main/com/linecorp/bot/model/event/postback/PostbackContent.class], file [/Users/qwmqza/Desktop/comp31112/Line-chatbot-for-COMP3111/line-bot-model/build/classes/main/com/linecorp/bot/model/event/source/GroupSource.class], file [/Users/qwmqza/Desktop/comp31112/Line-chatbot-for-COMP3111/line-bot-model/build/classes/main/com/linecorp/bot/model/event/source/RoomSource.class], file [/Users/qwmqza/Desktop/comp31112/Line-chatbot-for-COMP3111/line-bot-model/build/classes/main/com/linecorp/bot/model/event/source/Source.class], file [/Users/qwmqza/Desktop/comp31112/Line-chatbot-for-COMP3111/line-bot-model/build/classes/main/com/linecorp/bot/model/event/source/UnknownSource.class], file [/Users/qwmqza/Desktop/comp31112/Line-chatbot-for-COMP3111/line-bot-model/build/classes/main/com/linecorp/bot/model/event/source/UserSource.class]]
11:49:02.124 [Test worker] DEBUG org.springframework.context.annotation.ClassPathScanningCandidateComponentProvider - Ignored because not a concrete top-level class: file [/Users/qwmqza/Desktop/comp31112/Line-chatbot-for-COMP3111/line-bot-model/build/classes/test/com/linecorp/bot/model/event/CallbackRequestTest$RequestTester.class]
11:49:02.139 [Test worker] DEBUG org.springframework.context.annotation.ClassPathScanningCandidateComponentProvider - Identified candidate component class: file [/Users/qwmqza/Desktop/comp31112/Line-chatbot-for-COMP3111/line-bot-model/build/classes/test/com/linecorp/bot/model/event/CallbackRequestTest.class]
11:49:02.140 [Test worker] DEBUG org.springframework.context.annotation.ClassPathScanningCandidateComponentProvider - Identified candidate component class: file [/Users/qwmqza/Desktop/comp31112/Line-chatbot-for-COMP3111/line-bot-model/build/classes/test/com/linecorp/bot/model/event/MessageEventTest.class]
11:49:02.141 [Test worker] DEBUG org.springframework.context.annotation.ClassPathScanningCandidateComponentProvider - Identified candidate component class: file [/Users/qwmqza/Desktop/comp31112/Line-chatbot-for-COMP3111/line-bot-model/build/classes/test/com/linecorp/bot/model/event/ReplyEventTest.class]
11:49:02.141 [Test worker] DEBUG org.springframework.context.annotation.ClassPathScanningCandidateComponentProvider - Identified candidate component class: file [/Users/qwmqza/Desktop/comp31112/Line-chatbot-for-COMP3111/line-bot-model/build/classes/test/com/linecorp/bot/model/event/beacon/BeaconContentTest.class]
11:49:02.142 [Test worker] DEBUG org.springframework.context.annotation.ClassPathScanningCandidateComponentProvider - Identified candidate component class: file [/Users/qwmqza/Desktop/comp31112/Line-chatbot-for-COMP3111/line-bot-model/build/classes/test/com/linecorp/bot/model/event/beacon/BeaconContentUtilTest.class]
11:49:02.144 [Test worker] DEBUG org.springframework.context.annotation.ClassPathScanningCandidateComponentProvider - Identified candidate component class: file [/Users/qwmqza/Desktop/comp31112/Line-chatbot-for-COMP3111/line-bot-model/build/classes/main/com/linecorp/bot/model/event/BeaconEvent.class]
11:49:02.145 [Test worker] DEBUG org.springframework.context.annotation.ClassPathScanningCandidateComponentProvider - Identified candidate component class: file [/Users/qwmqza/Desktop/comp31112/Line-chatbot-for-COMP3111/line-bot-model/build/classes/main/com/linecorp/bot/model/event/CallbackRequest.class]
11:49:02.147 [Test worker] DEBUG org.springframework.context.annotation.ClassPathScanningCandidateComponentProvider - Ignored because not a concrete top-level class: file [/Users/qwmqza/Desktop/comp31112/Line-chatbot-for-COMP3111/line-bot-model/build/classes/main/com/linecorp/bot/model/event/Event.class]
11:49:02.148 [Test worker] DEBUG org.springframework.context.annotation.ClassPathScanningCandidateComponentProvider - Identified candidate component class: file [/Users/qwmqza/Desktop/comp31112/Line-chatbot-for-COMP3111/line-bot-model/build/classes/main/com/linecorp/bot/model/event/FollowEvent.class]
11:49:02.149 [Test worker] DEBUG org.springframework.context.annotation.ClassPathScanningCandidateComponentProvider - Identified candidate component class: file [/Users/qwmqza/Desktop/comp31112/Line-chatbot-for-COMP3111/line-bot-model/build/classes/main/com/linecorp/bot/model/event/JoinEvent.class]
11:49:02.150 [Test worker] DEBUG org.springframework.context.annotation.ClassPathScanningCandidateComponentProvider - Identified candidate component class: file [/Users/qwmqza/Desktop/comp31112/Line-chatbot-for-COMP3111/line-bot-model/build/classes/main/com/linecorp/bot/model/event/LeaveEvent.class]
11:49:02.151 [Test worker] DEBUG org.springframework.context.annotation.ClassPathScanningCandidateComponentProvider - Identified candidate component class: file [/Users/qwmqza/Desktop/comp31112/Line-chatbot-for-COMP3111/line-bot-model/build/classes/main/com/linecorp/bot/model/event/MessageEvent.class]
11:49:02.152 [Test worker] DEBUG org.springframework.context.annotation.ClassPathScanningCandidateComponentProvider - Identified candidate component class: file [/Users/qwmqza/Desktop/comp31112/Line-chatbot-for-COMP3111/line-bot-model/build/classes/main/com/linecorp/bot/model/event/PostbackEvent.class]
11:49:02.153 [Test worker] DEBUG org.springframework.context.annotation.ClassPathScanningCandidateComponentProvider - Ignored because not a concrete top-level class: file [/Users/qwmqza/Desktop/comp31112/Line-chatbot-for-COMP3111/line-bot-model/build/classes/main/com/linecorp/bot/model/event/ReplyEvent.class]
11:49:02.154 [Test worker] DEBUG org.springframework.context.annotation.ClassPathScanningCandidateComponentProvider - Identified candidate component class: file [/Users/qwmqza/Desktop/comp31112/Line-chatbot-for-COMP3111/line-bot-model/build/classes/main/com/linecorp/bot/model/event/UnfollowEvent.class]
11:49:02.155 [Test worker] DEBUG org.springframework.context.annotation.ClassPathScanningCandidateComponentProvider - Identified candidate component class: file [/Users/qwmqza/Desktop/comp31112/Line-chatbot-for-COMP3111/line-bot-model/build/classes/main/com/linecorp/bot/model/event/UnknownEvent.class]
11:49:02.159 [Test worker] DEBUG org.springframework.context.annotation.ClassPathScanningCandidateComponentProvider - Identified candidate component class: file [/Users/qwmqza/Desktop/comp31112/Line-chatbot-for-COMP3111/line-bot-model/build/classes/main/com/linecorp/bot/model/event/beacon/BeaconContent.class]
11:49:02.160 [Test worker] DEBUG org.springframework.context.annotation.ClassPathScanningCandidateComponentProvider - Identified candidate component class: file [/Users/qwmqza/Desktop/comp31112/Line-chatbot-for-COMP3111/line-bot-model/build/classes/main/com/linecorp/bot/model/event/beacon/BeaconContentUtil.class]
11:49:02.161 [Test worker] DEBUG org.springframework.context.annotation.ClassPathScanningCandidateComponentProvider - Identified candidate component class: file [/Users/qwmqza/Desktop/comp31112/Line-chatbot-for-COMP3111/line-bot-model/build/classes/main/com/linecorp/bot/model/event/message/AudioMessageContent.class]
11:49:02.163 [Test worker] DEBUG org.springframework.context.annotation.ClassPathScanningCandidateComponentProvider - Identified candidate component class: file [/Users/qwmqza/Desktop/comp31112/Line-chatbot-for-COMP3111/line-bot-model/build/classes/main/com/linecorp/bot/model/event/message/FileMessageContent.class]
11:49:02.164 [Test worker] DEBUG org.springframework.context.annotation.ClassPathScanningCandidateComponentProvider - Identified candidate component class: file [/Users/qwmqza/Desktop/comp31112/Line-chatbot-for-COMP3111/line-bot-model/build/classes/main/com/linecorp/bot/model/event/message/ImageMessageContent.class]
11:49:02.165 [Test worker] DEBUG org.springframework.context.annotation.ClassPathScanningCandidateComponentProvider - Identified candidate component class: file [/Users/qwmqza/Desktop/comp31112/Line-chatbot-for-COMP3111/line-bot-model/build/classes/main/com/linecorp/bot/model/event/message/LocationMessageContent.class]
11:49:02.166 [Test worker] DEBUG org.springframework.context.annotation.ClassPathScanningCandidateComponentProvider - Ignored because not a concrete top-level class: file [/Users/qwmqza/Desktop/comp31112/Line-chatbot-for-COMP3111/line-bot-model/build/classes/main/com/linecorp/bot/model/event/message/MessageContent.class]
11:49:02.167 [Test worker] DEBUG org.springframework.context.annotation.ClassPathScanningCandidateComponentProvider - Identified candidate component class: file [/Users/qwmqza/Desktop/comp31112/Line-chatbot-for-COMP3111/line-bot-model/build/classes/main/com/linecorp/bot/model/event/message/StickerMessageContent.class]
11:49:02.168 [Test worker] DEBUG org.springframework.context.annotation.ClassPathScanningCandidateComponentProvider - Identified candidate component class: file [/Users/qwmqza/Desktop/comp31112/Line-chatbot-for-COMP3111/line-bot-model/build/classes/main/com/linecorp/bot/model/event/message/TextMessageContent.class]
11:49:02.168 [Test worker] DEBUG org.springframework.context.annotation.ClassPathScanningCandidateComponentProvider - Identified candidate component class: file [/Users/qwmqza/Desktop/comp31112/Line-chatbot-for-COMP3111/line-bot-model/build/classes/main/com/linecorp/bot/model/event/message/UnknownMessageContent.class]
11:49:02.169 [Test worker] DEBUG org.springframework.context.annotation.ClassPathScanningCandidateComponentProvider - Identified candidate component class: file [/Users/qwmqza/Desktop/comp31112/Line-chatbot-for-COMP3111/line-bot-model/build/classes/main/com/linecorp/bot/model/event/message/VideoMessageContent.class]
11:49:02.170 [Test worker] DEBUG org.springframework.context.annotation.ClassPathScanningCandidateComponentProvider - Identified candidate component class: file [/Users/qwmqza/Desktop/comp31112/Line-chatbot-for-COMP3111/line-bot-model/build/classes/main/com/linecorp/bot/model/event/postback/PostbackContent.class]
11:49:02.171 [Test worker] DEBUG org.springframework.context.annotation.ClassPathScanningCandidateComponentProvider - Identified candidate component class: file [/Users/qwmqza/Desktop/comp31112/Line-chatbot-for-COMP3111/line-bot-model/build/classes/main/com/linecorp/bot/model/event/source/GroupSource.class]
11:49:02.172 [Test worker] DEBUG org.springframework.context.annotation.ClassPathScanningCandidateComponentProvider - Identified candidate component class: file [/Users/qwmqza/Desktop/comp31112/Line-chatbot-for-COMP3111/line-bot-model/build/classes/main/com/linecorp/bot/model/event/source/RoomSource.class]
11:49:02.173 [Test worker] DEBUG org.springframework.context.annotation.ClassPathScanningCandidateComponentProvider - Ignored because not a concrete top-level class: file [/Users/qwmqza/Desktop/comp31112/Line-chatbot-for-COMP3111/line-bot-model/build/classes/main/com/linecorp/bot/model/event/source/Source.class]
11:49:02.174 [Test worker] DEBUG org.springframework.context.annotation.ClassPathScanningCandidateComponentProvider - Identified candidate component class: file [/Users/qwmqza/Desktop/comp31112/Line-chatbot-for-COMP3111/line-bot-model/build/classes/main/com/linecorp/bot/model/event/source/UnknownSource.class]
11:49:02.175 [Test worker] DEBUG org.springframework.context.annotation.ClassPathScanningCandidateComponentProvider - Identified candidate component class: file [/Users/qwmqza/Desktop/comp31112/Line-chatbot-for-COMP3111/line-bot-model/build/classes/main/com/linecorp/bot/model/event/source/UserSource.class]
11:49:02.190 [Test worker] INFO com.linecorp.bot.model.event.ReplyEventTest - eventClasses = [class com.linecorp.bot.model.event.BeaconEvent, class com.linecorp.bot.model.event.FollowEvent, class com.linecorp.bot.model.event.JoinEvent, class com.linecorp.bot.model.event.LeaveEvent, class com.linecorp.bot.model.event.MessageEvent, class com.linecorp.bot.model.event.PostbackEvent, class com.linecorp.bot.model.event.UnfollowEvent, class com.linecorp.bot.model.event.UnknownEvent]
]]></system-out>
  <system-err><![CDATA[]]></system-err>
</testsuite>
