<?xml version="1.0" encoding="UTF-8"?>
<testsuite name="com.linecorp.bot.model.message.imagemap.MessageImagemapActionTest" tests="1" skipped="0" failures="0" errors="0" timestamp="2017-09-22T03:49:02" hostname="qianziandeMacBook-Pro.local" time="0.014">
  <properties/>
  <testcase name="getText" classname="com.linecorp.bot.model.message.imagemap.MessageImagemapActionTest" time="0.014"/>
  <system-out><![CDATA[]]></system-out>
  <system-err><![CDATA[]]></system-err>
</testsuite>
