<?xml version="1.0" encoding="UTF-8"?>
<testsuite name="com.linecorp.bot.model.event.beacon.BeaconContentTest" tests="2" skipped="0" failures="0" errors="0" timestamp="2017-09-22T03:49:01" hostname="qianziandeMacBook-Pro.local" time="0.006">
  <properties/>
  <testcase name="beaconContentEqualityTest" classname="com.linecorp.bot.model.event.beacon.BeaconContentTest" time="0.003"/>
  <testcase name="beaconContentArrayProtectedTest" classname="com.linecorp.bot.model.event.beacon.BeaconContentTest" time="0.002"/>
  <system-out><![CDATA[]]></system-out>
  <system-err><![CDATA[]]></system-err>
</testsuite>
