<?xml version="1.0" encoding="UTF-8"?>
<testsuite name="com.linecorp.bot.model.error.ErrorResponseTest" tests="2" skipped="0" failures="0" errors="0" timestamp="2017-09-22T03:49:01" hostname="qianziandeMacBook-Pro.local" time="0.252">
  <properties/>
  <testcase name="complexErrorResponseTest" classname="com.linecorp.bot.model.error.ErrorResponseTest" time="0.249"/>
  <testcase name="simpleErrorResponseTest" classname="com.linecorp.bot.model.error.ErrorResponseTest" time="0.003"/>
  <system-out><![CDATA[]]></system-out>
  <system-err><![CDATA[]]></system-err>
</testsuite>
