<?xml version="1.0" encoding="UTF-8"?>
<testsuite name="com.linecorp.bot.client.LineMessagingServiceTest" tests="1" skipped="0" failures="0" errors="0" timestamp="2017-09-22T03:48:28" hostname="qianziandeMacBook-Pro.local" time="0.013">
  <properties/>
  <testcase name="relativeRequestTest" classname="com.linecorp.bot.client.LineMessagingServiceTest" time="0.013"/>
  <system-out><![CDATA[11:48:28.454 [MockWebServer 49433] INFO okhttp3.mockwebserver.MockWebServer - MockWebServer[49433] starting to accept connections
11:48:28.459 [Test worker] INFO com.linecorp.bot.client.wire - --> GET http://localhost:49433/CanContainsRelative/v2/bot/profile/USER_TOKEN http/1.1
11:48:28.459 [Test worker] INFO com.linecorp.bot.client.wire - Authorization: Bearer SECRET
11:48:28.460 [Test worker] INFO com.linecorp.bot.client.wire - User-Agent: line-botsdk-java/null
11:48:28.460 [Test worker] INFO com.linecorp.bot.client.wire - --> END GET
11:48:28.461 [MockWebServer /127.0.0.1:49434] INFO okhttp3.mockwebserver.MockWebServer - MockWebServer[49433] received request: GET /CanContainsRelative/v2/bot/profile/USER_TOKEN HTTP/1.1 and responded: HTTP/1.1 200 OK
11:48:28.461 [Test worker] INFO com.linecorp.bot.client.wire - <-- 200 OK http://localhost:49433/CanContainsRelative/v2/bot/profile/USER_TOKEN (1ms)
11:48:28.461 [Test worker] INFO com.linecorp.bot.client.wire - Content-Length: 116
11:48:28.461 [Test worker] INFO com.linecorp.bot.client.wire - 
11:48:28.461 [Test worker] INFO com.linecorp.bot.client.wire - {"displayName":"name","userId":"userId","pictureUrl":"https://line.me/picture_url","statusMessage":"Status message"}
11:48:28.461 [Test worker] INFO com.linecorp.bot.client.wire - <-- END HTTP (116-byte body)
11:48:28.465 [MockWebServer 49433] INFO okhttp3.mockwebserver.MockWebServer - MockWebServer[49433] done accepting connections: Socket closed
]]></system-out>
  <system-err><![CDATA[]]></system-err>
</testsuite>
